[INFO] Saving model to: ../brain_age_single_BL_Adadelta.pth
[INFO] New best model saved at ../ with test MAE: 9.0172
Epoch: 1 | train_mae: 11.7659 | train_mse: 276.7519 | train_nrmse: 0.2753 | train_r2: -0.4327 | test_mae: 9.0172 | test_mse: 142.0296 | test_nrmse: 0.1971 | test_r2: 0.2602
[INFO] Saving model to: ../brain_age_single_BL_Adadelta.pth
[INFO] New best model saved at ../ with test MAE: 8.8515
Epoch: 2 | train_mae: 9.3077 | train_mse: 171.2845 | train_nrmse: 0.2166 | train_r2: 0.1133 | test_mae: 8.8515 | test_mse: 185.4799 | test_nrmse: 0.2253 | test_r2: 0.0339
[INFO] Saving model to: ../brain_age_single_BL_Adadelta.pth
[INFO] New best model saved at ../ with test MAE: 7.6098
Epoch: 3 | train_mae: 8.5070 | train_mse: 137.0133 | train_nrmse: 0.1937 | train_r2: 0.2907 | test_mae: 7.6098 | test_mse: 125.5641 | test_nrmse: 0.1853 | test_r2: 0.3460
[INFO] Saving model to: ../brain_age_single_BL_Adadelta.pth
[INFO] New best model saved at ../ with test MAE: 6.0599
Epoch: 4 | train_mae: 7.4836 | train_mse: 102.8195 | train_nrmse: 0.1678 | train_r2: 0.4677 | test_mae: 6.0599 | test_mse: 67.7302 | test_nrmse: 0.1361 | test_r2: 0.6472
Epoch: 5 | train_mae: 6.9567 | train_mse: 87.1470 | train_nrmse: 0.1545 | train_r2: 0.5489 | test_mae: 10.4056 | test_mse: 142.3389 | test_nrmse: 0.1973 | test_r2: 0.2586
Epoch: 6 | train_mae: 6.3560 | train_mse: 72.0617 | train_nrmse: 0.1405 | train_r2: 0.6270 | test_mae: 9.6316 | test_mse: 120.3518 | test_nrmse: 0.1815 | test_r2: 0.3731
Epoch: 7 | train_mae: 6.1567 | train_mse: 67.2516 | train_nrmse: 0.1357 | train_r2: 0.6519 | test_mae: 6.9096 | test_mse: 70.7921 | test_nrmse: 0.1392 | test_r2: 0.6313
[INFO] Saving model to: ../brain_age_single_BL_Adadelta.pth
[INFO] New best model saved at ../ with test MAE: 5.9562
Epoch: 8 | train_mae: 5.8973 | train_mse: 61.3855 | train_nrmse: 0.1297 | train_r2: 0.6822 | test_mae: 5.9562 | test_mse: 59.5429 | test_nrmse: 0.1276 | test_r2: 0.6899
Epoch: 9 | train_mae: 5.6311 | train_mse: 55.9751 | train_nrmse: 0.1238 | train_r2: 0.7102 | test_mae: 11.4779 | test_mse: 167.7263 | test_nrmse: 0.2142 | test_r2: 0.1264
[INFO] Saving model to: ../brain_age_single_BL_Adadelta.pth
[INFO] New best model saved at ../ with test MAE: 4.3955
Epoch: 10 | train_mae: 5.5441 | train_mse: 53.9402 | train_nrmse: 0.1215 | train_r2: 0.7208 | test_mae: 4.3955 | test_mse: 34.1287 | test_nrmse: 0.0966 | test_r2: 0.8222
[INFO] Saving model to: ../brain_age_single_BL_Adadelta.pth
[INFO] New best model saved at ../ with test MAE: 4.0509
Epoch: 11 | train_mae: 5.3357 | train_mse: 50.2693 | train_nrmse: 0.1173 | train_r2: 0.7398 | test_mae: 4.0509 | test_mse: 27.9090 | test_nrmse: 0.0874 | test_r2: 0.8546
Epoch: 12 | train_mae: 5.1653 | train_mse: 46.2517 | train_nrmse: 0.1126 | train_r2: 0.7606 | test_mae: 7.2677 | test_mse: 77.2197 | test_nrmse: 0.1453 | test_r2: 0.5978
Epoch: 13 | train_mae: 5.0725 | train_mse: 44.6771 | train_nrmse: 0.1106 | train_r2: 0.7687 | test_mae: 5.2602 | test_mse: 49.5626 | test_nrmse: 0.1164 | test_r2: 0.7419
Epoch: 14 | train_mae: 4.9878 | train_mse: 43.2942 | train_nrmse: 0.1089 | train_r2: 0.7759 | test_mae: 6.2207 | test_mse: 58.9661 | test_nrmse: 0.1270 | test_r2: 0.6929
Epoch: 15 | train_mae: 4.9726 | train_mse: 42.9530 | train_nrmse: 0.1085 | train_r2: 0.7776 | test_mae: 7.4122 | test_mse: 76.7495 | test_nrmse: 0.1449 | test_r2: 0.6002
Epoch: 16 | train_mae: 4.8276 | train_mse: 40.2777 | train_nrmse: 0.1050 | train_r2: 0.7915 | test_mae: 4.0971 | test_mse: 27.9679 | test_nrmse: 0.0875 | test_r2: 0.8543
Epoch: 17 | train_mae: 4.7073 | train_mse: 38.7080 | train_nrmse: 0.1030 | train_r2: 0.7996 | test_mae: 4.7672 | test_mse: 40.6010 | test_nrmse: 0.1054 | test_r2: 0.7885
[INFO] Saving model to: ../brain_age_single_BL_Adadelta.pth
[INFO] New best model saved at ../ with test MAE: 3.6583
Epoch: 18 | train_mae: 4.6574 | train_mse: 37.4780 | train_nrmse: 0.1013 | train_r2: 0.8060 | test_mae: 3.6583 | test_mse: 22.4892 | test_nrmse: 0.0784 | test_r2: 0.8829
Epoch: 19 | train_mae: 4.5227 | train_mse: 35.6465 | train_nrmse: 0.0988 | train_r2: 0.8155 | test_mae: 6.1793 | test_mse: 55.1085 | test_nrmse: 0.1228 | test_r2: 0.7130
Epoch: 20 | train_mae: 4.5216 | train_mse: 35.3696 | train_nrmse: 0.0984 | train_r2: 0.8169 | test_mae: 5.3734 | test_mse: 44.2551 | test_nrmse: 0.1100 | test_r2: 0.7695
Epoch: 21 | train_mae: 4.4715 | train_mse: 34.8063 | train_nrmse: 0.0976 | train_r2: 0.8198 | test_mae: 5.3837 | test_mse: 45.3265 | test_nrmse: 0.1114 | test_r2: 0.7639
Epoch: 22 | train_mae: 4.3939 | train_mse: 33.1199 | train_nrmse: 0.0952 | train_r2: 0.8286 | test_mae: 4.6081 | test_mse: 32.8668 | test_nrmse: 0.0948 | test_r2: 0.8288
Epoch: 23 | train_mae: 4.3744 | train_mse: 33.3180 | train_nrmse: 0.0955 | train_r2: 0.8275 | test_mae: 4.9083 | test_mse: 40.0974 | test_nrmse: 0.1047 | test_r2: 0.7912
Epoch: 24 | train_mae: 4.2615 | train_mse: 31.5107 | train_nrmse: 0.0929 | train_r2: 0.8369 | test_mae: 7.8533 | test_mse: 85.6460 | test_nrmse: 0.1531 | test_r2: 0.5539
Epoch: 25 | train_mae: 4.2876 | train_mse: 31.8655 | train_nrmse: 0.0934 | train_r2: 0.8350 | test_mae: 4.2863 | test_mse: 29.1632 | test_nrmse: 0.0893 | test_r2: 0.8481
Epoch: 26 | train_mae: 4.2020 | train_mse: 30.3222 | train_nrmse: 0.0911 | train_r2: 0.8430 | test_mae: 4.0040 | test_mse: 27.2141 | test_nrmse: 0.0863 | test_r2: 0.8583
Epoch: 27 | train_mae: 4.1818 | train_mse: 30.1214 | train_nrmse: 0.0908 | train_r2: 0.8441 | test_mae: 3.7884 | test_mse: 24.2514 | test_nrmse: 0.0815 | test_r2: 0.8737
Early stopping the training!
